[2024-01-31 11:20:52,942] multiqc                                            [DEBUG  ]  This is MultiQC v1.19
[2024-01-31 11:20:52,944] multiqc                                            [DEBUG  ]  Command used: /home/dcutillo/miniconda3/envs/rnaseq/bin/multiqc -d .
[2024-01-31 11:20:53,232] multiqc                                            [DEBUG  ]  Latest MultiQC version is v1.19
[2024-01-31 11:20:53,232] multiqc                                            [DEBUG  ]  Working dir : /mnt/c/Users/15dcu/Desktop/course_data
[2024-01-31 11:20:53,232] multiqc                                            [DEBUG  ]  Template    : default
[2024-01-31 11:20:53,232] multiqc                                            [DEBUG  ]  Running Python 3.11.7 | packaged by conda-forge | (main, Dec 23 2023, 14:43:09) [GCC 12.3.0]
[2024-01-31 11:20:53,232] multiqc                                            [INFO   ]  Prepending directory to sample names
[2024-01-31 11:20:53,232] multiqc                                            [DEBUG  ]  Analysing modules: custom_content, ccs, ngsderive, purple, conpair, lima, peddy, somalier, methylQA, mosdepth, phantompeakqualtools, qualimap, preseq, hifiasm, quast, qorts, rna_seqc, rockhopper, rsem, rseqc, busco, bustools, goleft_indexcov, gffcompare, disambiguate, supernova, deeptools, sargasso, verifybamid, mirtrace, happy, mirtop, sambamba, gopeaks, homer, hops, macs2, theta2, snpeff, gatk, htseq, bcftools, featureCounts, fgbio, dragen, dragen_fastqc, dedup, pbmarkdup, damageprofiler, mapdamage, biobambam2, jcvi, mtnucratio, picard, vep, bakta, prokka, qc3C, nanostat, samblaster, samtools, sexdeterrmine, seqera_cli, eigenstratdatabasetools, bamtools, jellyfish, vcftools, longranger, stacks, varscan2, snippy, umitools, truvari, bbmap, bismark, biscuit, diamond, hicexplorer, hicup, hicpro, salmon, kallisto, slamdunk, star, hisat2, tophat, bowtie2, bowtie1, cellranger, snpsplit, odgi, pangolin, nextclade, freyja, humid, kat, leehom, librarian, adapterRemoval, bbduk, clipandmerge, cutadapt, flexbar, sourmash, kaiju, bracken, kraken, malt, motus, trimmomatic, sickle, skewer, sortmerna, biobloomtools, fastq_screen, afterqc, fastp, fastqc, filtlong, prinseqplusplus, pychopper, porechop, pycoqc, minionqc, anglerfish, multivcfanalyzer, clusterflow, checkqc, bcl2fastq, bclconvert, interop, ivar, flash, seqyclean, optitype, whatshap, xenome, xengsort
[2024-01-31 11:20:53,233] multiqc                                            [DEBUG  ]  Using temporary directory for creating report: /tmp/tmpab3_03ng
[2024-01-31 11:20:53,236] multiqc                                            [INFO   ]  Search path : /mnt/c/Users/15dcu/Desktop/course_data
[2024-01-31 11:20:58,027] multiqc                                            [DEBUG  ]  Summary of files that were skipped by the search: [skipped_file_contents_search_errors: 890] // [skipped_module_specific_max_filesize: 494] // [skipped_no_match: 55] // [skipped_ignore_pattern: 12] // [skipped_filesize_limit: 1]
[2024-01-31 11:20:58,666] multiqc.plots.bargraph                             [DEBUG  ]  Using matplotlib version 3.8.2
[2024-01-31 11:20:58,667] multiqc.plots.linegraph                            [DEBUG  ]  Using matplotlib version 3.8.2
[2024-01-31 11:20:58,668] multiqc                                            [DEBUG  ]  No samples found: custom_content
[2024-01-31 11:20:58,696] multiqc.modules.kallisto.kallisto                  [INFO   ]  Found 10 reports
[2024-01-31 11:20:58,914] multiqc.modules.fastqc.fastqc                      [INFO   ]  Found 10 reports
[2024-01-31 11:20:58,944] multiqc.utils.software_versions                    [DEBUG  ]  Reading software versions from config.software_versions
[2024-01-31 11:20:58,953] multiqc                                            [DEBUG  ]  Compressing plot data
[2024-01-31 11:20:59,044] multiqc                                            [INFO   ]  Report      : multiqc_report.html
[2024-01-31 11:20:59,044] multiqc                                            [INFO   ]  Data        : multiqc_data
[2024-01-31 11:20:59,044] multiqc                                            [DEBUG  ]  Moving data file from '/tmp/tmpab3_03ng/multiqc_data' to '/mnt/c/Users/15dcu/Desktop/course_data/multiqc_data'
[2024-01-31 11:20:59,123] multiqc                                            [DEBUG  ]  Full report path: /mnt/c/Users/15dcu/Desktop/course_data/multiqc_report.html
[2024-01-31 11:20:59,197] multiqc                                            [INFO   ]  MultiQC complete
