[2024-01-31 16:47:43,144] multiqc                                            [DEBUG  ]  This is MultiQC v1.19
[2024-01-31 16:47:43,145] multiqc                                            [DEBUG  ]  Command used: /home/dcutillo/miniconda3/envs/rnaseq/bin/multiqc -d .
[2024-01-31 16:47:43,389] multiqc                                            [DEBUG  ]  Latest MultiQC version is v1.19
[2024-01-31 16:47:43,389] multiqc                                            [DEBUG  ]  Working dir : /mnt/c/Users/15dcu/Desktop/course_data/fastq_subsampled
[2024-01-31 16:47:43,389] multiqc                                            [DEBUG  ]  Template    : default
[2024-01-31 16:47:43,389] multiqc                                            [DEBUG  ]  Running Python 3.11.7 | packaged by conda-forge | (main, Dec 23 2023, 14:43:09) [GCC 12.3.0]
[2024-01-31 16:47:43,389] multiqc                                            [INFO   ]  Prepending directory to sample names
[2024-01-31 16:47:43,390] multiqc                                            [DEBUG  ]  Analysing modules: custom_content, ccs, ngsderive, purple, conpair, lima, peddy, somalier, methylQA, mosdepth, phantompeakqualtools, qualimap, preseq, hifiasm, quast, qorts, rna_seqc, rockhopper, rsem, rseqc, busco, bustools, goleft_indexcov, gffcompare, disambiguate, supernova, deeptools, sargasso, verifybamid, mirtrace, happy, mirtop, sambamba, gopeaks, homer, hops, macs2, theta2, snpeff, gatk, htseq, bcftools, featureCounts, fgbio, dragen, dragen_fastqc, dedup, pbmarkdup, damageprofiler, mapdamage, biobambam2, jcvi, mtnucratio, picard, vep, bakta, prokka, qc3C, nanostat, samblaster, samtools, sexdeterrmine, seqera_cli, eigenstratdatabasetools, bamtools, jellyfish, vcftools, longranger, stacks, varscan2, snippy, umitools, truvari, bbmap, bismark, biscuit, diamond, hicexplorer, hicup, hicpro, salmon, kallisto, slamdunk, star, hisat2, tophat, bowtie2, bowtie1, cellranger, snpsplit, odgi, pangolin, nextclade, freyja, humid, kat, leehom, librarian, adapterRemoval, bbduk, clipandmerge, cutadapt, flexbar, sourmash, kaiju, bracken, kraken, malt, motus, trimmomatic, sickle, skewer, sortmerna, biobloomtools, fastq_screen, afterqc, fastp, fastqc, filtlong, prinseqplusplus, pychopper, porechop, pycoqc, minionqc, anglerfish, multivcfanalyzer, clusterflow, checkqc, bcl2fastq, bclconvert, interop, ivar, flash, seqyclean, optitype, whatshap, xenome, xengsort
[2024-01-31 16:47:43,390] multiqc                                            [DEBUG  ]  Using temporary directory for creating report: /tmp/tmpoq6ook2z
[2024-01-31 16:47:43,394] multiqc                                            [INFO   ]  Search path : /mnt/c/Users/15dcu/Desktop/course_data/fastq_subsampled
[2024-01-31 16:47:46,377] multiqc                                            [DEBUG  ]  Summary of files that were skipped by the search: [skipped_file_contents_search_errors: 890] // [skipped_module_specific_max_filesize: 443] // [skipped_no_match: 52] // [skipped_ignore_pattern: 10] // [skipped_filesize_limit: 1]
[2024-01-31 16:47:46,749] multiqc.plots.bargraph                             [DEBUG  ]  Using matplotlib version 3.8.2
[2024-01-31 16:47:46,750] multiqc.plots.linegraph                            [DEBUG  ]  Using matplotlib version 3.8.2
[2024-01-31 16:47:46,751] multiqc                                            [DEBUG  ]  No samples found: custom_content
[2024-01-31 16:47:46,777] multiqc.modules.kallisto.kallisto                  [INFO   ]  Found 10 reports
[2024-01-31 16:47:46,830] multiqc.modules.fastqc.fastqc                      [INFO   ]  Found 10 reports
[2024-01-31 16:47:46,859] multiqc.utils.software_versions                    [DEBUG  ]  Reading software versions from config.software_versions
[2024-01-31 16:47:46,865] multiqc                                            [DEBUG  ]  Compressing plot data
[2024-01-31 16:47:46,926] multiqc                                            [INFO   ]  Report      : multiqc_report.html
[2024-01-31 16:47:46,926] multiqc                                            [INFO   ]  Data        : multiqc_data
[2024-01-31 16:47:46,927] multiqc                                            [DEBUG  ]  Moving data file from '/tmp/tmpoq6ook2z/multiqc_data' to '/mnt/c/Users/15dcu/Desktop/course_data/fastq_subsampled/multiqc_data'
[2024-01-31 16:47:47,005] multiqc                                            [DEBUG  ]  Full report path: /mnt/c/Users/15dcu/Desktop/course_data/fastq_subsampled/multiqc_report.html
[2024-01-31 16:47:47,076] multiqc                                            [INFO   ]  MultiQC complete
